"id","lng","lat","gridcode","gridname"
"23012","117.226531535","39.1344173711","B2WG0004","cehsi","B2","南开红桥分公司"
"22918","117.225508326","39.1348826653","B2WG0004","cehsi","B2","南开红桥分公司"
"22921","117.261457077","39.1356323176","B2WG0006","dcads","B2","南开红桥分公司"
"22905","117.229385662","39.1435605756","B2WG0006","dcads","B2","南开红桥分公司"
"22906","117.224348396","39.1442934067","B2WG0006","dcads","B2","南开红桥分公司"
"23012","117.226531535","39.1344173711","B2WG0006","dcads","B2","南开红桥分公司"
"22918","117.225508326","39.1348826653","B2WG0006","dcads","B2","南开红桥分公司"
"23004","117.215228055","39.148559033","B2WG0006","dcads","B2","南开红桥分公司"
"22915","117.20334374","39.1563728715","B2WG0006","dcads","B2","南开红桥分公司"
"22916","117.208830867","39.1556494355","B2WG0006","dcads","B2","南开红桥分公司"
"23010","117.238170912","39.1563803159","B2WG0006","dcads","B2","南开红桥分公司"
"22908","117.234477334","39.162117702","B2WG0006","dcads","B2","南开红桥分公司"
"22909","117.234711571","39.1615706781","B2WG0006","dcads","B2","南开红桥分公司"
"23003","117.245524132","39.1445278925","B2WG0006","dcads","B2","南开红桥分公司"
"23005","117.248528947","39.1528515433","B2WG0006","dcads","B2","南开红桥分公司"
"23008","117.265115773","39.1668254833","B2WG0006","dcads","B2","南开红桥分公司"
"23006","117.235240022","39.1647567091","B2WG0006","dcads","B2","南开红桥分公司"
"22919","117.229965019","39.1653427096","B2WG0006","dcads","B2","南开红桥分公司"
"23104","117.120695093","39.1413304921","B2WG0006","dcads","B2","南开红桥分公司"
"22412","117.166461137","39.1433514252","B2WG0006","dcads","B2","南开红桥分公司"
"22901","117.166656142","39.1432469655","B2WG0006","dcads","B2","南开红桥分公司"
"22416","117.334030919","39.7213628961","BDWG0011","宝坻城区","BD","宝坻分公司"
"22517","117.319279528","39.7325860641","BDWG0011","宝坻城区","BD","宝坻分公司"
"22430","117.316890688","39.7291300246","BDWG0011","宝坻城区","BD","宝坻分公司"
"22429","117.313148632","39.7290816092","BDWG0011","宝坻城区","BD","宝坻分公司"
"22516","117.313148632","39.7290816092","BDWG0011","宝坻城区","BD","宝坻分公司"
"22703","117.287190599","39.6618902893","BDWG0012","宝坻西北网格","BD","宝坻分公司"
"22802","117.28717906","39.6619786005","BDWG0012","宝坻西北网格","BD","宝坻分公司"
"21808","117.201089","39.685512","BDWG0012","宝坻西北网格","BD","宝坻分公司"
"21910","117.211217","39.740751","BDWG0012","宝坻西北网格","BD","宝坻分公司"
"22431","117.209224009","39.7970427015","BDWG0012","宝坻西北网格","BD","宝坻分公司"
"21807","117.208259","39.797137","BDWG0012","宝坻西北网格","BD","宝坻分公司"
"22415","117.453296173","39.692931826","BDWG0013","宝坻东南网格","BD","宝坻分公司"
"22417","117.45325145","39.6929280078","BDWG0013","宝坻东南网格","BD","宝坻分公司"
"22601","117.376006871","39.6881761121","BDWG0013","宝坻东南网格","BD","宝坻分公司"
"22701","117.472037781","39.732678775","BDWG0013","宝坻东南网格","BD","宝坻分公司"
"22402","117.447717848","39.4113929201","BDWG0014","宝坻西南网格","BD","宝坻分公司"
"22401","117.451320168","39.4111622446","BDWG0014","宝坻西南网格","BD","宝坻分公司"
"22801","117.32527399","39.636727616","BDWG0014","宝坻西南网格","BD","宝坻分公司"
"22411","117.325319595","39.6367757885","BDWG0014","宝坻西南网格","BD","宝坻分公司"
"22702","117.325690937","39.6360323084","BDWG0014","宝坻西南网格","BD","宝坻分公司"
"22803","117.338372851","39.6393110385","BDWG0014","宝坻西南网格","BD","宝坻分公司"
"22410","117.339197521","39.6393728778","BDWG0014","宝坻西南网格","BD","宝坻分公司"
"22704","117.387330379","39.5720628741","BDWG0014","宝坻西南网格","BD","宝坻分公司"
"23207","117.018891158","39.1447695853","B5WG0015","西青杨柳青网格","B5","西青分公司"
"23107","117.014687531","39.1451698844","B5WG0015","西青杨柳青网格","B5","西青分公司"
"23108","117.014480896","39.1452721153","B5WG0015","西青杨柳青网格","B5","西青分公司"
"23106","117.014259786","39.1452360429","B5WG0015","西青杨柳青网格","B5","西青分公司"
"23805","117.076420956","39.1275733229","B5WG0016","杨柳青中北西营门","B5","西青分公司"
"23707","117.095161042","39.13337198","B5WG0016","杨柳青中北西营门","B5","西青分公司"
"23205","117.262789143","38.8903408916","B5WG0017","西青王稳庄赤龙","B5","西青分公司"
"23807","117.18193317","39.0563024557","B5WG0018","西青精武李七庄","B5","西青分公司"
"23808","117.181371936","39.0620490113","B5WG0018","西青精武李七庄","B5","西青分公司"
"23811","117.178873519","39.0693470124","B5WG0018","西青精武李七庄","B5","西青分公司"
"23806","117.200296219","39.0517003431","B5WG0018","西青精武李七庄","B5","西青分公司"
"23708","117.200246233","39.0517043474","B5WG0018","西青精武李七庄","B5","西青分公司"
"23802","117.163346371","39.0620671332","B5WG0018","西青精武李七庄","B5","西青分公司"
"23202","117.122856463","39.0636812415","B5WG0018","西青精武李七庄","B5","西青分公司"
"23702","117.111334312","39.0396693101","B5WG0018","西青精武李七庄","B5","西青分公司"
"23203","117.141921355","39.0503417312","B5WG0018","西青精武李七庄","B5","西青分公司"
"23204","117.14351803","39.0481781871","B5WG0018","西青精武李七庄","B5","西青分公司"
"23102","117.248458458","39.0350517389","B5WG0019","西青大寺梅江","B5","西青分公司"
"23101","117.248384354","39.0350448294","B5WG0019","西青大寺梅江","B5","西青分公司"
"23201","117.250878914","39.0285397562","B5WG0019","西青大寺梅江","B5","西青分公司"
"23110","117.044156784","39.0675771506","B5WG0020","西青张家窝辛口","B5","西青分公司"
"23109","117.044156783","39.0675781502","B5WG0020","西青张家窝辛口","B5","西青分公司"
"23208","117.041922256","39.0703756803","B5WG0020","西青张家窝辛口","B5","西青分公司"
"23211","117.04079258","39.0731080766","B5WG0020","西青张家窝辛口","B5","西青分公司"
"23210","116.97822619","39.0953566658","B5WG0020","西青张家窝辛口","B5","西青分公司"
"23209","116.977645413","39.0929944154","B5WG0020","西青张家窝辛口","B5","西青分公司"
"23710","116.974856634","39.0904840413","B5WG0020","西青张家窝辛口","B5","西青分公司"
"23111","116.981407227","39.0640702155","B5WG0020","西青张家窝辛口","B5","西青分公司"
"22412","117.166461137","39.1433514252","B2WG0029","南开2","B2","南开红桥分公司"
"22901","117.166656142","39.1432469655","B2WG0029","南开2","B2","南开红桥分公司"
"24403","117.155376339","39.2175818672","B7WG0030","北仓镇","B7","北辰分公司"
"24401","117.173133297","39.1967186206","B7WG0032","北辰天穆镇网格","B7","北辰分公司"
"24402","117.166173618","39.1978604839","B7WG0032","北辰天穆镇网格","B7","北辰分公司"
"21903","117.227448493","39.1984341064","B7WG0034","北辰宜兴埠镇网格","B7","北辰分公司"
"21904","117.23901535","39.2199266934","B7WG0034","北辰宜兴埠镇网格","B7","北辰分公司"
"21804","117.23265859","39.2178332773","B7WG0034","北辰宜兴埠镇网格","B7","北辰分公司"
"24601","117.04387532","39.206688588","B7WG0036","北辰双街双口青光镇网格","B7","北辰分公司"
"22413","117.475816643","38.8448026681","BAWG0038","大港1","BA","大港分公司"
"22414","117.475788218","38.8448612456","BAWG0038","大港1","BA","大港分公司"
"22505","117.461307076","38.8387226291","BAWG0038","大港1","BA","大港分公司"
"22510","117.458843197","38.8436637115","BAWG0038","大港1","BA","大港分公司"
"22503","117.45987799","38.8439395949","BAWG0038","大港1","BA","大港分公司"
"22504","117.460464816","38.8496134618","BAWG0038","大港1","BA","大港分公司"
"22404","117.460885502","38.8466025328","BAWG0038","大港1","BA","大港分公司"
"22405","117.460765504","38.8466038895","BAWG0038","大港1","BA","大港分公司"
"22406","117.428351621","38.8756360585","BAWG0038","大港1","BA","大港分公司"
"22914","117.194067655","39.1857088992","B3WG0039","河北河东1","B3","河北河东分公司"
"23011","117.192777023","39.1851067848","B3WG0039","河北河东1","B3","河北河东分公司"
"22915","117.20334374","39.1563728715","B3WG0039","河北河东1","B3","河北河东分公司"
"22916","117.208830867","39.1556494355","B3WG0039","河北河东1","B3","河北河东分公司"
"23009","117.215250731","39.1856514552","B3WG0040","河北河东2","B3","河北河东分公司"
"22912","117.215131891","39.1855944801","B3WG0040","河北河东2","B3","河北河东分公司"
"22911","117.258428308","39.1681871517","B3WG0040","河北河东2","B3","河北河东分公司"
"23008","117.265115773","39.1668254833","B3WG0040","河北河东2","B3","河北河东分公司"
"23010","117.238170912","39.1563803159","B3WG0041","河北河东3","B3","河北河东分公司"
"22908","117.234477334","39.162117702","B3WG0041","河北河东3","B3","河北河东分公司"
"22909","117.234711571","39.1615706781","B3WG0041","河北河东3","B3","河北河东分公司"
"23006","117.235240022","39.1647567091","B3WG0041","河北河东3","B3","河北河东分公司"
"22917","117.230653164","39.1686540767","B3WG0041","河北河东3","B3","河北河东分公司"
"22919","117.229965019","39.1653427096","B3WG0041","河北河东3","B3","河北河东分公司"
"22905","117.229385662","39.1435605756","B3WG0042","河北河东4","B3","河北河东分公司"
"22906","117.224348396","39.1442934067","B3WG0042","河北河东4","B3","河北河东分公司"
"23012","117.226531535","39.1344173711","B3WG0042","河北河东4","B3","河北河东分公司"
"22918","117.225508326","39.1348826653","B3WG0042","河北河东4","B3","河北河东分公司"
"22903","117.23860845","39.1275302805","B3WG0042","河北河东4","B3","河北河东分公司"
"23004","117.215228055","39.148559033","B3WG0042","河北河东4","B3","河北河东分公司"
"23003","117.245524132","39.1445278925","B3WG0042","河北河东4","B3","河北河东分公司"
"23005","117.248528947","39.1528515433","B3WG0042","河北河东4","B3","河北河东分公司"
"23601","117.10049922","39.4863556745","B8WG0043","武清东南片区","B8","武清分公司"
"23704","117.144516765","39.4201993369","B8WG0043","武清东南片区","B8","武清分公司"
"23705","117.144516765","39.4201993369","B8WG0043","武清东南片区","B8","武清分公司"
"24213","117.099000067","39.3461952953","B8WG0043","武清东南片区","B8","武清分公司"
"24120","117.079830531","39.3246998513","B8WG0043","武清东南片区","B8","武清分公司"
"24001","117.204437144","39.370226086","B8WG0043","武清东南片区","B8","武清分公司"
"23903","117.205425787","39.3697130316","B8WG0043","武清东南片区","B8","武清分公司"
"23902","117.207669526","39.372230182","B8WG0043","武清东南片区","B8","武清分公司"
"23901","117.268210677","39.3971138003","B8WG0043","武清东南片区","B8","武清分公司"
"22910","117.300907734","39.1004084675","B3WG0044","河北河东6","B3","河北河东分公司"
"23002","117.25171079","39.1126769474","B3WG0044","河北河东6","B3","河北河东分公司"
"23007","117.266171628","39.1100366868","B3WG0044","河北河东6","B3","河北河东分公司"
"22907","117.262350369","39.1114639515","B3WG0044","河北河东6","B3","河北河东分公司"
"23706","117.090973686","39.3864384902","B8WG0045","武清中心片区","B8","武清分公司"
"23001","117.062608603","39.4004186448","B8WG0045","武清中心片区","B8","武清分公司"
"23401","117.075616911","39.3811411582","B8WG0045","武清中心片区","B8","武清分公司"
"23302","117.075772947","39.3814775641","B8WG0045","武清中心片区","B8","武清分公司"
"23301","117.065638334","39.3938034374","B8WG0045","武清中心片区","B8","武清分公司"
"24215","117.019157201","39.4106831539","B8WG0045","武清中心片区","B8","武清分公司"
"24201","117.019062169","39.4106828706","B8WG0045","武清中心片区","B8","武清分公司"
"24103","117.018134598","39.4110268311","B8WG0045","武清中心片区","B8","武清分公司"
"24101","117.01768424","39.4111885255","B8WG0045","武清中心片区","B8","武清分公司"
"24122","117.017838885","39.4111413785","B8WG0045","武清中心片区","B8","武清分公司"
"24124","117.01783779","39.4111736481","B8WG0045","武清中心片区","B8","武清分公司"
"24123","117.01792007","39.4111827947","B8WG0045","武清中心片区","B8","武清分公司"
"24102","117.017558182","39.4112326535","B8WG0045","武清中心片区","B8","武清分公司"
"24104","117.025216447","39.3990554182","B8WG0045","武清中心片区","B8","武清分公司"
"24106","117.025658124","39.3929220519","B8WG0045","武清中心片区","B8","武清分公司"
"24105","117.023579591","39.3930926946","B8WG0045","武清中心片区","B8","武清分公司"
"24202","117.025320046","39.390683411","B8WG0045","武清中心片区","B8","武清分公司"
"24107","117.02375412","39.3891702891","B8WG0045","武清中心片区","B8","武清分公司"
"23812","117.079227702","39.3665211988","B8WG0045","武清中心片区","B8","武清分公司"
"22904","117.282800408","39.1464245475","B3WG0046","河北河东5","B3","河北河东分公司"
"22902","117.28328667","39.1453249595","B3WG0046","河北河东5","B3","河北河东分公司"
"23013","117.27028441","39.137670616","B3WG0046","河北河东5","B3","河北河东分公司"
"22921","117.261457077","39.1356323176","B3WG0046","河北河东5","B3","河北河东分公司"
"22920","117.26297796","39.129206724","B3WG0046","河北河东5","B3","河北河东分公司"
"24109","116.910625741","39.1932577883","B8WG0047","武清西南片区","B8","武清分公司"
"24204","116.91035096","39.187623745","B8WG0047","武清西南片区","B8","武清分公司"
"24110","116.910218662","39.1878668364","B8WG0047","武清西南片区","B8","武清分公司"
"24111","116.90951462","39.1891051762","B8WG0047","武清西南片区","B8","武清分公司"
"24112","116.908065509","39.1910676138","B8WG0047","武清西南片区","B8","武清分公司"
"24209","116.937404721","39.2417188643","B8WG0047","武清西南片区","B8","武清分公司"
"24117","116.951867571","39.253312099","B8WG0047","武清西南片区","B8","武清分公司"
"24210","116.950731747","39.2534931815","B8WG0047","武清西南片区","B8","武清分公司"
"24211","116.950525431","39.2533320245","B8WG0047","武清西南片区","B8","武清分公司"
"24116","116.949702625","39.2581988253","B8WG0047","武清西南片区","B8","武清分公司"
"24212","116.955869511","39.2572130638","B8WG0047","武清西南片区","B8","武清分公司"
"23305","116.911279024","39.3044047181","B8WG0047","武清西南片区","B8","武清分公司"
"23304","116.911771865","39.306614486","B8WG0047","武清西南片区","B8","武清分公司"
"23403","116.911719366","39.3087294326","B8WG0047","武清西南片区","B8","武清分公司"
"24208","116.910621408","39.3660776212","B8WG0047","武清西南片区","B8","武清分公司"
"23801","117.036953746","39.3714034747","B8WG0047","武清西南片区","B8","武清分公司"
"23701","117.037051058","39.3695700161","B8WG0047","武清西南片区","B8","武清分公司"
"23306","117.066946799","39.6264995526","B8WG0048","武清东北片区","B8","武清分公司"
"23405","117.022737722","39.4898127965","B8WG0048","武清东北片区","B8","武清分公司"
"23404","117.027143272","39.4817617636","B8WG0048","武清东北片区","B8","武清分公司"
"23406","117.024693722","39.4852060811","B8WG0048","武清东北片区","B8","武清分公司"
"23502","117.104915629","39.5506872486","B8WG0048","武清东北片区","B8","武清分公司"
"23303","117.104508463","39.5518047719","B8WG0048","武清东北片区","B8","武清分公司"
"23501","117.104565615","39.5517160569","B8WG0048","武清东北片区","B8","武清分公司"
"23113","117.129535549","39.5205278904","B8WG0048","武清东北片区","B8","武清分公司"
"23212","117.129535549","39.5205278904","B8WG0048","武清东北片区","B8","武清分公司"
"23215","117.198570803","39.5342188005","B8WG0048","武清东北片区","B8","武清分公司"
"23114","117.198570803","39.5342188005","B8WG0048","武清东北片区","B8","武清分公司"
"23115","117.198570803","39.5342188005","B8WG0048","武清东北片区","B8","武清分公司"
"23214","117.198570803","39.5342188005","B8WG0048","武清东北片区","B8","武清分公司"
"23116","117.198570803","39.5342188005","B8WG0048","武清东北片区","B8","武清分公司"
"23216","117.198570803","39.5342188005","B8WG0048","武清东北片区","B8","武清分公司"
"23217","117.20092548","39.5302783928","B8WG0048","武清东北片区","B8","武清分公司"
"23213","117.194660098","39.534016804","B8WG0048","武清东北片区","B8","武清分公司"
"23117","117.20410892","39.5376140411","B8WG0048","武清东北片区","B8","武清分公司"
"23118","117.20410892","39.5376140411","B8WG0048","武清东北片区","B8","武清分公司"
"23218","117.20410892","39.5376140411","B8WG0048","武清东北片区","B8","武清分公司"
"23804","117.204191467","39.5376622422","B8WG0048","武清东北片区","B8","武清分公司"
"23402","116.950509049","39.4063725009","B8WG0049","武清西北片区","B8","武清分公司"
"24113","116.882450508","39.530808272","B8WG0049","武清西北片区","B8","武清分公司"
"24205","116.882497378","39.5308076343","B8WG0049","武清西北片区","B8","武清分公司"
"24114","116.885700033","39.5311838067","B8WG0049","武清西北片区","B8","武清分公司"
"23803","116.887247532","39.5313553658","B8WG0049","武清西北片区","B8","武清分公司"
"23809","116.829384519","39.5606275498","B8WG0049","武清西北片区","B8","武清分公司"
"23810","116.82983754","39.5758944547","B8WG0049","武清西北片区","B8","武清分公司"
"23709","116.829782804","39.5760266657","B8WG0049","武清西北片区","B8","武清分公司"
"23112","116.974957358","39.4829030529","B8WG0049","武清西北片区","B8","武清分公司"
"24206","116.893075362","39.5314370572","B8WG0049","武清西北片区","B8","武清分公司"
"23703","116.892967724","39.5314228107","B8WG0049","武清西北片区","B8","武清分公司"
"24207","116.999886664","39.530088276","B8WG0049","武清西北片区","B8","武清分公司"
"21909","117.444332066","40.0518667511","BCWG0050","蓟州渔阳网格","BC","蓟州分公司"
"21905","117.415337569","40.0204177361","BCWG0050","蓟州渔阳网格","BC","蓟州分公司"
"21725","117.422840831","40.0165552311","BCWG0050","蓟州渔阳网格","BC","蓟州分公司"
"21616","117.415821635","40.049470256","BCWG0050","蓟州渔阳网格","BC","蓟州分公司"
"21708","117.41585104","40.0494387753","BCWG0050","蓟州渔阳网格","BC","蓟州分公司"
"21614","117.415837972","40.049451109","BCWG0050","蓟州渔阳网格","BC","蓟州分公司"
"21615","117.415830359","40.0494262299","BCWG0050","蓟州渔阳网格","BC","蓟州分公司"
"21707","117.415824113","40.0493828934","BCWG0050","蓟州渔阳网格","BC","蓟州分公司"
"21709","117.415675261","40.0492818364","BCWG0050","蓟州渔阳网格","BC","蓟州分公司"
"21908","117.415559129","40.0489968425","BCWG0050","蓟州渔阳网格","BC","蓟州分公司"
"21806","117.415545792","40.0489945353","BCWG0050","蓟州渔阳网格","BC","蓟州分公司"
"21907","117.415620909","40.0490214491","BCWG0050","蓟州渔阳网格","BC","蓟州分公司"
"21805","117.415184578","40.0489624118","BCWG0050","蓟州渔阳网格","BC","蓟州分公司"
"21906","117.414561134","40.0489505602","BCWG0050","蓟州渔阳网格","BC","蓟州分公司"
"21706","117.426105239","40.0501872935","BCWG0050","蓟州渔阳网格","BC","蓟州分公司"
"21705","117.426565466","40.0497784141","BCWG0050","蓟州渔阳网格","BC","蓟州分公司"
"21704","117.427025548","40.0496385392","BCWG0050","蓟州渔阳网格","BC","蓟州分公司"
"21722","117.42323962","40.0131729406","BCWG0050","蓟州渔阳网格","BC","蓟州分公司"
"21723","117.423219861","40.0130900198","BCWG0050","蓟州渔阳网格","BC","蓟州分公司"
"21724","117.422778826","40.0153890852","BCWG0050","蓟州渔阳网格","BC","蓟州分公司"
"21613","117.611819954","40.0918474869","BCWG0052","蓟州马伸桥网格","BC","蓟州分公司"
"21612","117.612974598","40.0912086966","BCWG0052","蓟州马伸桥网格","BC","蓟州分公司"
"21609","117.611903346","40.0910517896","BCWG0052","蓟州马伸桥网格","BC","蓟州分公司"
"21610","117.58742501","40.099842006","BCWG0052","蓟州马伸桥网格","BC","蓟州分公司"
"21611","117.555503466","40.0877325961","BCWG0052","蓟州马伸桥网格","BC","蓟州分公司"
"21703","117.555728947","40.0878635347","BCWG0052","蓟州马伸桥网格","BC","蓟州分公司"
"21608","117.711537993","40.0827731779","BCWG0052","蓟州马伸桥网格","BC","蓟州分公司"
"21605","117.718448241","40.082496788","BCWG0052","蓟州马伸桥网格","BC","蓟州分公司"
"21701","117.718448241","40.082496788","BCWG0052","蓟州马伸桥网格","BC","蓟州分公司"
"21604","117.714962552","40.0820903033","BCWG0052","蓟州马伸桥网格","BC","蓟州分公司"
"21603","117.714962552","40.0820903033","BCWG0052","蓟州马伸桥网格","BC","蓟州分公司"
"21606","117.718360029","40.0060538694","BCWG0052","蓟州马伸桥网格","BC","蓟州分公司"
"21607","117.718360029","40.0060538694","BCWG0052","蓟州马伸桥网格","BC","蓟州分公司"
"21702","117.729471288","40.0076119529","BCWG0052","蓟州马伸桥网格","BC","蓟州分公司"
"21803","117.426117983","40.1430027579","BCWG0052","蓟州马伸桥网格","BC","蓟州分公司"
"21714","117.446665097","40.1932917623","BCWG0052","蓟州马伸桥网格","BC","蓟州分公司"
"21712","117.43823454","40.2002573216","BCWG0052","蓟州马伸桥网格","BC","蓟州分公司"
"21720","117.268482996","39.855023582","BCWG0053","蓟州邦均网格","BC","蓟州分公司"
"21619","117.265044164","39.8584955899","BCWG0053","蓟州邦均网格","BC","蓟州分公司"
"21719","117.262954806","39.8611997331","BCWG0053","蓟州邦均网格","BC","蓟州分公司"
"21721","117.180816256","39.9151384323","BCWG0053","蓟州邦均网格","BC","蓟州分公司"
"21620","117.177447991","39.9154469001","BCWG0053","蓟州邦均网格","BC","蓟州分公司"
"21718","117.257782345","39.9152881067","BCWG0053","蓟州邦均网格","BC","蓟州分公司"
"21716","117.258997757","39.9153289899","BCWG0053","蓟州邦均网格","BC","蓟州分公司"
"21717","117.260681465","39.9154139836","BCWG0053","蓟州邦均网格","BC","蓟州分公司"
"21618","117.261741162","39.9153224116","BCWG0053","蓟州邦均网格","BC","蓟州分公司"
"21617","117.263548827","39.9150755991","BCWG0053","蓟州邦均网格","BC","蓟州分公司"
"21621","117.204696547","39.9726874078","BCWG0053","蓟州邦均网格","BC","蓟州分公司"
"21715","117.225550581","40.001886383","BCWG0053","蓟州邦均网格","BC","蓟州分公司"
"21710","117.276271069","39.9963476342","BCWG0053","蓟州邦均网格","BC","蓟州分公司"
"21711","117.27399316","39.9967011547","BCWG0053","蓟州邦均网格","BC","蓟州分公司"
"21713","117.27181755","39.9967649451","BCWG0053","蓟州邦均网格","BC","蓟州分公司"
"22520","116.839958134","38.821622222","BBWG0054","静海西北网格","BB","静海分公司"
"24501","117.496977435","39.8243669331","BCWG0055","蓟州上仓网格","BC","蓟州分公司"
"21602","117.442204026","39.8196151239","BCWG0055","蓟州上仓网格","BC","蓟州分公司"
"21601","117.433219116","39.7968375279","BCWG0055","蓟州上仓网格","BC","蓟州分公司"
"22511","117.557574127","39.095681329","B6WG0061","东丽三组网格","B6","东丽分公司"
"22425","117.454535082","39.0610562525","B6WG0061","东丽三组网格","B6","东丽分公司"
"22426","117.45376058","39.0617701204","B6WG0061","东丽三组网格","B6","东丽分公司"
"22514","117.502870949","39.0516302624","B6WG0061","东丽三组网格","B6","东丽分公司"
"22419","117.510734183","39.0493390213","B6WG0061","东丽三组网格","B6","东丽分公司"
"22418","117.510909026","39.0494276209","B6WG0061","东丽三组网格","B6","东丽分公司"
"22512","117.509320099","39.0503805575","B6WG0061","东丽三组网格","B6","东丽分公司"
"22513","117.509060527","39.0495225089","B6WG0061","东丽三组网格","B6","东丽分公司"
"22421","117.494187163","39.05091217","B6WG0061","东丽三组网格","B6","东丽分公司"
"22420","117.498818747","39.0518001078","B6WG0061","东丽三组网格","B6","东丽分公司"
"22423","117.485615823","39.0495202588","B6WG0061","东丽三组网格","B6","东丽分公司"
"22422","117.485580882","39.0494508018","B6WG0061","东丽三组网格","B6","东丽分公司"
"22515","117.461476168","39.0549406064","B6WG0061","东丽三组网格","B6","东丽分公司"
"21902","117.4618642","39.0579857501","B6WG0061","东丽三组网格","B6","东丽分公司"
"22424","117.461905415","39.0583319803","B6WG0061","东丽三组网格","B6","东丽分公司"
"21801","117.461930564","39.0579592711","B6WG0061","东丽三组网格","B6","东丽分公司"
"21802","117.462312728","39.0579286317","B6WG0061","东丽三组网格","B6","东丽分公司"
"21901","117.461907472","39.0585033362","B6WG0061","东丽三组网格","B6","东丽分公司"
"22518","117.493974833","39.0838749177","B6WG0061","东丽三组网格","B6","东丽分公司"
"22307","117.374621523","39.1778919776","B6WG0062","东丽四组网格","B6","东丽分公司"
"22913","117.286210649","39.157748237","B6WG0062","东丽四组网格","B6","东丽分公司"
"22427","117.715317816","39.0164834052","B4WG0066","开保南网格","B4","滨海分公司"
"22428","117.715317816","39.0164834052","B4WG0066","开保南网格","B4","滨海分公司"
"22001","117.674096","39.054937","B4WG0067","塘沽北网格","B4","滨海分公司"
"22002","117.663811","39.063759","B4WG0067","塘沽北网格","B4","滨海分公司"
"22519","117.664085118","39.0697547682","B4WG0067","塘沽北网格","B4","滨海分公司"
"22511","117.557574127","39.095681329","B4WG0067","塘沽北网格","B4","滨海分公司"
"22104","117.668601","39.039617","B4WG0068","塘沽南网格","B4","滨海分公司"
"22210","117.666456747","39.0109571913","B4WG0068","塘沽南网格","B4","滨海分公司"
"22102","117.664591254","39.0265356331","B4WG0068","塘沽南网格","B4","滨海分公司"
"22521","117.664650342","39.0266445347","B4WG0068","塘沽南网格","B4","滨海分公司"
"22101","117.678146686","39.0210009743","B4WG0068","塘沽南网格","B4","滨海分公司"
"22103","117.670319","39.024661","B4WG0068","塘沽南网格","B4","滨海分公司"
"22413","117.475816643","38.8448026681","BAWG0070","大港城区网格","BA","大港分公司"
"22414","117.475788218","38.8448612456","BAWG0070","大港城区网格","BA","大港分公司"
"22505","117.461307076","38.8387226291","BAWG0070","大港城区网格","BA","大港分公司"
"22510","117.458843197","38.8436637115","BAWG0070","大港城区网格","BA","大港分公司"
"22503","117.45987799","38.8439395949","BAWG0070","大港城区网格","BA","大港分公司"
"22504","117.460464816","38.8496134618","BAWG0070","大港城区网格","BA","大港分公司"
"22404","117.460885502","38.8466025328","BAWG0070","大港城区网格","BA","大港分公司"
"22405","117.460765504","38.8466038895","BAWG0070","大港城区网格","BA","大港分公司"
"22509","117.500871342","38.8587183082","BAWG0070","大港城区网格","BA","大港分公司"
"22508","117.495476403","38.8513169231","BAWG0070","大港城区网格","BA","大港分公司"
"24119","117.836670004","39.3377064829","BEWG0071","宁河城区网格","BE","宁河分公司"
"24121","117.83608301","39.3361106545","BEWG0071","宁河城区网格","BE","宁河分公司"
"24214","117.835980569","39.3350493021","BEWG0071","宁河城区网格","BE","宁河分公司"
"24301","117.811445352","39.3557059468","BEWG0071","宁河城区网格","BE","宁河分公司"
"24118","117.613523349","39.3798817153","BEWG0071","宁河城区网格","BE","宁河分公司"
"22201","117.506510401","38.8098641159","BAWG0072","大港油田网格","BA","大港分公司"
"22202","117.502844065","38.7363143946","BAWG0072","大港油田网格","BA","大港分公司"
"22301","117.506313833","38.7363531985","BAWG0072","大港油田网格","BA","大港分公司"
"22204","117.512604758","38.7349233872","BAWG0072","大港油田网格","BA","大港分公司"
"22203","117.512634426","38.7348274193","BAWG0072","大港油田网格","BA","大港分公司"
"22205","117.512793541","38.734519659","BAWG0072","大港油田网格","BA","大港分公司"
"22206","117.512886486","38.7341963353","BAWG0072","大港油田网格","BA","大港分公司"
"22207","117.51291466","38.7341248298","BAWG0072","大港油田网格","BA","大港分公司"
"22304","117.514113782","38.7313340269","BAWG0072","大港油田网格","BA","大港分公司"
"22208","117.514122527","38.7312869424","BAWG0072","大港油田网格","BA","大港分公司"
"22302","117.514124446","38.731249747","BAWG0072","大港油田网格","BA","大港分公司"
"22209","117.514126866","38.7313997011","BAWG0072","大港油田网格","BA","大港分公司"
"22303","117.514201149","38.7311840652","BAWG0072","大港油田网格","BA","大港分公司"
"22306","117.511533431","38.7301550107","BAWG0072","大港油田网格","BA","大港分公司"
"22305","117.511210668","38.7300655201","BAWG0072","大港油田网格","BA","大港分公司"
"22408","117.395923184","38.8688252","BAWG0073","大港中塘网格","BA","大港分公司"
"22407","117.392648654","38.870340971","BAWG0073","大港中塘网格","BA","大港分公司"
"22406","117.428351621","38.8756360585","BAWG0073","大港中塘网格","BA","大港分公司"
"22502","117.167015926","38.7544593679","BAWG0074","大港小王庄太平村网格","BA","大港分公司"
"22403","117.167304452","38.7519501991","BAWG0074","大港小王庄太平村网格","BA","大港分公司"
"22409","117.780448317","39.5327329797","BEWG0076","宁河北区网格","BE","宁河分公司"
"22506","117.780448317","39.5327329797","BEWG0076","宁河北区网格","BE","宁河分公司"
"24125","117.449414049","39.2884742735","BEWG0077","宁河西区网格","BE","宁河分公司"
"24115","117.618273794","39.3288941862","BEWG0077","宁河西区网格","BE","宁河分公司"
"24801","117.647777042","39.2847589921","BEWG0077","宁河西区网格","BE","宁河分公司"
"24901","117.575097444","39.2657778306","BEWG0077","宁河西区网格","BE","宁河分公司"
"24602","117.332961395","38.9544761889","B9WG0081","津南西区网格","B9","津南分公司"
"24701","117.332987203","38.954516648","B9WG0081","津南西区网格","B9","津南分公司"
"21501","117.382867709","38.9978076717","B9WG0081","津南西区网格","B9","津南分公司"
"21401","117.382867709","38.9978076717","B9WG0081","津南西区网格","B9","津南分公司"
